----------cleared 2014年 02月 19日 星期三 15:48:13 CST------------------
------------------2014年 02月 19日 星期三 15:48:36 CST------------------
function -edit log
------------------2014年 02月 19日 星期三 15:50:57 CST------------------
function -s
------------------2014年 02月 19日 星期三 15:51:02 CST------------------
function -s -i
------------------2014年 02月 19日 星期三 15:57:34 CST------------------
function -s
------------------2014年 02月 19日 星期三 15:57:47 CST------------------
function NewSystem_install -edit
------------------2014年 02月 19日 星期三 15:58:12 CST------------------
function -edit NewSystem_install
------------------2014年 02月 19日 星期三 15:58:46 CST------------------
function Add_Aliase.func
------------------2014年 02月 19日 星期三 15:58:51 CST------------------
function Add_Aliase
------------------2014年 02月 19日 星期三 15:59:00 CST------------------
function -edit Add_Aliase
------------------2014年 02月 19日 星期三 16:00:27 CST------------------
function edit example
------------------2014年 02月 19日 星期三 16:02:39 CST------------------
function Add_Aliase backup
------------------2014年 02月 19日 星期三 16:05:00 CST------------------
function Add_Aliase restore
------------------2014年 02月 19日 星期三 16:08:28 CST------------------
function Add_Aliase
------------------2014年 02月 19日 星期三 16:08:34 CST------------------
function edit Add_Aliase
------------------2014年 02月 19日 星期三 16:09:41 CST------------------
function Add_Aliase restore
------------------2014年 02月 19日 星期三 16:10:04 CST------------------
function Add_Aliase backup
------------------2014年 02月 19日 星期三 16:11:20 CST------------------
function Add_Aliase backup
------------------2014年 02月 19日 星期三 16:12:35 CST------------------
function Add_Aliase backup
------------------2014年 02月 19日 星期三 16:15:06 CST------------------
function Add_Aliase restore
------------------2014年 02月 19日 星期三 16:22:17 CST------------------
function note 可以通过shell function edit string_functions查看字符串处理方法
------------------2014年 02月 19日 星期三 16:22:37 CST------------------
function note show
------------------2014年 02月 19日 星期三 16:22:43 CST------------------
function edit note
------------------2014年 02月 19日 星期三 16:23:37 CST------------------
function note show
------------------2014年 02月 23日 星期日 20:00:04 CST------------------
function edit UUID_Change
------------------2014年 02月 23日 星期日 20:00:41 CST------------------
function edit Auto_Mount
------------------2014年 02月 27日 星期四 17:05:41 CST------------------
function install
------------------2014年 02月 27日 星期四 17:06:10 CST------------------
function 
------------------2014年 02月 27日 星期四 17:07:25 CST------------------
function note Tomorrow would be a good day!
------------------2014年 02月 27日 星期四 17:07:41 CST------------------
function -edit
------------------2014年 02月 27日 星期四 17:08:15 CST------------------
function edit note
------------------2014年 02月 27日 星期四 17:08:32 CST------------------
function edit note -show
------------------2014年 02月 27日 星期四 17:08:47 CST------------------
function note show
------------------2014年 03月 03日 星期一 18:45:54 CST------------------
function note qmake-qt4 -project可以用来自动创建qt项目
------------------2014年 03月 03日 星期一 18:46:04 CST------------------
function note show
------------------2014年 03月 03日 星期一 18:47:41 CST------------------
function UUID_Change Win71.vdi
------------------2014年 03月 03日 星期一 19:20:57 CST------------------
function Add_Aliase PTAM nautilus /media/Document/Linux/Program/Apps/PTAM
------------------2014年 03月 03日 星期一 19:27:11 CST------------------
function add_new Here_Name
------------------2014年 03月 03日 星期一 19:31:10 CST------------------
function Here_Name config_shell
------------------2014年 03月 03日 星期一 19:31:42 CST------------------
function edit Here_Name
------------------2014年 03月 03日 星期一 19:32:00 CST------------------
function Here_Name config_shell
------------------2014年 03月 03日 星期一 19:33:28 CST------------------
function edit Here_Name
------------------2014年 03月 03日 星期一 19:34:46 CST------------------
function Here_Name config_shell
------------------2014年 03月 03日 星期一 19:36:13 CST------------------
function Here_Name design
------------------2014年 03月 03日 星期一 19:37:08 CST------------------
function Here_Name design
------------------2014年 03月 03日 星期一 19:38:39 CST------------------
function Here_Name apps
------------------2014年 03月 03日 星期一 19:52:16 CST------------------
function note show
------------------2014年 03月 03日 星期一 20:19:26 CST------------------
function Here_Name libzy
------------------2014年 03月 04日 星期二 08:47:36 CST------------------
function Here_Name opencv
------------------2014年 03月 04日 星期二 08:47:57 CST------------------
function Here_Name learn
------------------2014年 03月 05日 星期三 20:03:09 CST------------------
function Here_Name learnptam
------------------2014年 03月 05日 星期三 20:30:18 CST------------------
function note invalid use of incomplete type struct 或者是class的解决办法:把class 改成include
------------------2014年 03月 06日 星期四 16:42:13 CST------------------
function -s
------------------2014年 03月 06日 星期四 16:42:30 CST------------------
function System_Backup --h
------------------2014年 03月 06日 星期四 16:42:36 CST------------------
function System_Backup -edit
------------------2014年 03月 06日 星期四 16:43:10 CST------------------
function -edit System_Backup
------------------2014年 03月 06日 星期四 16:44:07 CST------------------
function System_Backup -edit
------------------2014年 03月 06日 星期四 16:46:57 CST------------------
function -edit System_Backup
------------------2014年 03月 06日 星期四 16:47:32 CST------------------
function System_Backup -edit
------------------2014年 03月 06日 星期四 16:47:45 CST------------------
function -edit System_Backup
------------------2014年 03月 06日 星期四 16:48:10 CST------------------
function System_Backup -edit
------------------2014年 03月 06日 星期四 16:48:33 CST------------------
function -edit example
------------------2014年 03月 06日 星期四 16:49:52 CST------------------
function -edit example
------------------2014年 03月 06日 星期四 16:52:21 CST------------------
function -edit
------------------2014年 03月 06日 星期四 17:07:18 CST------------------
function -s
------------------2014年 03月 06日 星期四 17:07:36 CST------------------
function -edit string_functions
------------------2014年 03月 06日 星期四 17:11:08 CST------------------
function example -help
------------------2014年 03月 06日 星期四 17:11:54 CST------------------
function example -help
------------------2014年 03月 06日 星期四 17:12:52 CST------------------
function example -help
------------------2014年 03月 06日 星期四 17:16:27 CST------------------
function example -help
------------------2014年 03月 06日 星期四 17:17:11 CST------------------
function example -help
------------------2014年 03月 06日 星期四 17:17:39 CST------------------
function example -help
------------------2014年 03月 06日 星期四 17:18:14 CST------------------
function example -help
------------------2014年 03月 06日 星期四 17:18:50 CST------------------
function example -help
------------------2014年 03月 06日 星期四 17:19:17 CST------------------
function example -help
------------------2014年 03月 06日 星期四 17:20:09 CST------------------
function example -help
------------------2014年 03月 06日 星期四 17:21:35 CST------------------
function example -help
------------------2014年 03月 06日 星期四 17:22:24 CST------------------
function example -help
------------------2014年 03月 06日 星期四 17:24:39 CST------------------
function example -help
------------------2014年 03月 06日 星期四 17:25:03 CST------------------
function example -help
------------------2014年 03月 06日 星期四 17:25:52 CST------------------
function example -help
------------------2014年 03月 06日 星期四 17:26:17 CST------------------
function example -help
------------------2014年 03月 06日 星期四 17:26:53 CST------------------
function example -help
------------------2014年 03月 06日 星期四 17:27:22 CST------------------
function example -help
------------------2014年 03月 06日 星期四 17:27:33 CST------------------
function example -help
------------------2014年 03月 06日 星期四 17:28:00 CST------------------
function example -help
------------------2014年 03月 06日 星期四 17:28:57 CST------------------
function example -help
------------------2014年 03月 06日 星期四 17:30:04 CST------------------
function example -help
------------------2014年 03月 06日 星期四 17:31:48 CST------------------
function example -help
------------------2014年 03月 06日 星期四 17:32:55 CST------------------
function example -help
------------------2014年 03月 06日 星期四 17:34:26 CST------------------
function example -help
------------------2014年 03月 06日 星期四 17:36:13 CST------------------
function -help
------------------2014年 03月 06日 星期四 17:36:20 CST------------------
function -h
------------------2014年 03月 06日 星期四 17:38:36 CST------------------
function -h
------------------2014年 03月 06日 星期四 17:39:39 CST------------------
function -h
------------------2014年 03月 06日 星期四 17:41:07 CST------------------
function System_Backup -h
------------------2014年 03月 06日 星期四 17:41:17 CST------------------
function System_Backup -Backup
------------------2014年 03月 06日 星期四 18:30:47 CST------------------
function System_Backup -Backup
------------------2014年 03月 06日 星期四 19:43:44 CST------------------
function System_Backup -edit
------------------2014年 03月 06日 星期四 19:45:25 CST------------------
function System_Backup -Backup
------------------2014年 03月 06日 星期四 19:46:08 CST------------------
function -edit
------------------2014年 03月 06日 星期四 19:47:13 CST------------------
function add_new echo_help
------------------2014年 03月 06日 星期四 19:49:37 CST------------------
function -s -i
------------------2014年 03月 06日 星期四 19:50:57 CST------------------
function edit example
------------------2014年 03月 06日 星期四 19:53:51 CST------------------
function example -h
------------------2014年 03月 06日 星期四 19:55:07 CST------------------
function example -h
------------------2014年 03月 06日 星期四 20:06:41 CST------------------
function example -i
------------------2014年 03月 06日 星期四 20:06:55 CST------------------
function example -i
------------------2014年 03月 06日 星期四 20:09:06 CST------------------
function edit example
------------------2014年 03月 06日 星期四 20:09:26 CST------------------
function example -i
------------------2014年 03月 06日 星期四 20:09:57 CST------------------
function -s -i
------------------2014年 03月 06日 星期四 20:10:42 CST------------------
function -edit
------------------2014年 03月 06日 星期四 20:12:37 CST------------------
function edit example
------------------2014年 03月 06日 星期四 20:14:44 CST------------------
function -edit
------------------2014年 03月 06日 星期四 20:14:59 CST------------------
function -s -i
------------------2014年 03月 06日 星期四 20:15:39 CST------------------
function -s -i
------------------2014年 03月 06日 星期四 20:15:53 CST------------------
function -edit
------------------2014年 03月 06日 星期四 20:17:30 CST------------------
function -edit example
------------------2014年 03月 06日 星期四 20:19:18 CST------------------
function -s -i
------------------2014年 03月 06日 星期四 20:22:39 CST------------------
function -s -i
------------------2014年 03月 06日 星期四 20:24:02 CST------------------
function edit string_functions
------------------2014年 03月 06日 星期四 20:24:40 CST------------------
function -s -i
------------------2014年 03月 06日 星期四 20:24:47 CST------------------
function edit string_functions
------------------2014年 03月 06日 星期四 20:25:29 CST------------------
function -s -i
------------------2014年 03月 06日 星期四 20:27:42 CST------------------
function System_Backup -Backup
------------------2014年 03月 06日 星期四 20:29:17 CST------------------
function string_functions -edit
------------------2014年 03月 06日 星期四 20:29:47 CST------------------
function -edit string_functions
------------------2014年 03月 06日 星期四 20:31:53 CST------------------
function -s -i
------------------2014年 03月 06日 星期四 20:32:10 CST------------------
function -edit string_functions
------------------2014年 03月 06日 星期四 20:32:18 CST------------------
function string_functions -edit
------------------2014年 03月 06日 星期四 20:32:27 CST------------------
function -edit string_functions
------------------2014年 03月 06日 星期四 20:32:48 CST------------------
function string_functions -edit
------------------2014年 03月 06日 星期四 20:36:30 CST------------------
function -edit string_functions
------------------2014年 03月 06日 星期四 20:36:49 CST------------------
function string_functions -edit
------------------2014年 03月 06日 星期四 20:51:27 CST------------------
function System_Backup -Backup
------------------2014年 03月 06日 星期四 21:17:08 CST------------------
function -edit Here_Name
------------------2014年 03月 06日 星期四 21:18:01 CST------------------
function Here_Name desktop
------------------2014年 03月 06日 星期四 21:18:53 CST------------------
function -edit Here_Name
------------------2014年 03月 06日 星期四 21:19:33 CST------------------
function Here_Name desktop
------------------2014年 03月 07日 星期五 16:51:39 CST------------------
function edit note
------------------2014年 03月 07日 星期五 16:52:05 CST------------------
function add_new diary
------------------2014年 03月 07日 星期五 16:53:31 CST------------------
function edit note
------------------2014年 03月 07日 星期五 16:55:54 CST------------------
function diary 刚做实验，将扑翼项目电路频率从20k改到了100k，头有点晕，写了这个日记记录脚本
------------------2014年 03月 07日 星期五 16:56:15 CST------------------
function edit
------------------2014年 03月 07日 星期五 16:58:07 CST------------------
function -h
------------------2014年 03月 11日 星期二 08:46:54 CST------------------
function add_new RGBD_SLAM_INSTALL
------------------2014年 03月 11日 星期二 09:04:52 CST------------------
function RGBD_SLAM_INSTALL edit
------------------2014年 03月 11日 星期二 15:21:41 CST------------------
function edit RGBD_SLAM_INSTALL
------------------2014年 03月 11日 星期二 15:24:16 CST------------------
function RGBD_SLAM_INSTALL edit
------------------2014年 03月 11日 星期二 15:24:31 CST------------------
function edit RGBD_SLAM_INSTALL
------------------2014年 03月 11日 星期二 15:26:36 CST------------------
function RGBD_SLAM_INSTALL -h
------------------2014年 03月 11日 星期二 15:26:45 CST------------------
function RGBD_SLAM_INSTALL without_ros
------------------2014年 03月 11日 星期二 15:33:12 CST------------------
function RGBD_SLAM_INSTALL edit
------------------2014年 03月 11日 星期二 15:33:35 CST------------------
function RGBD_SLAM_INSTALL edit
------------------2014年 03月 11日 星期二 15:33:46 CST------------------
function edit RGBD_SLAM_INSTALL
------------------2014年 03月 11日 星期二 15:34:34 CST------------------
function edit RGBD_SLAM_INSTALL
------------------2014年 03月 11日 星期二 15:44:16 CST------------------
function RGBD_SLAM_INSTALL
------------------2014年 03月 11日 星期二 15:44:22 CST------------------
function RGBD_SLAM_INSTALL -h
------------------2014年 03月 11日 星期二 15:44:52 CST------------------
function edit RGBD_SLAM_INSTALL
------------------2014年 03月 11日 星期二 15:45:24 CST------------------
function RGBD_SLAM_INSTALL without_ros
------------------2014年 03月 11日 星期二 16:46:02 CST------------------
function note lsusb 可用于显示当前usb口状态
------------------2014年 03月 11日 星期二 16:46:29 CST------------------
function note dmesg 可获得更详细信息
------------------2014年 03月 11日 星期二 17:12:24 CST------------------
function RGBD_SLAM_INSTALL edit
------------------2014年 03月 11日 星期二 17:12:43 CST------------------
function RGBD_SLAM_INSTALL -edit
------------------2014年 03月 11日 星期二 17:24:56 CST------------------
function RGBD_SLAM_INSTALL without_ros
------------------2014年 03月 11日 星期二 17:29:28 CST------------------
function RGBD_SLAM_INSTALL without_ros
------------------2014年 03月 11日 星期二 18:24:35 CST------------------
function RGBD_SLAM_INSTALL edit
------------------2014年 03月 11日 星期二 18:46:30 CST------------------
function RGBD_SLAM_INSTALL with_ros
------------------2014年 03月 11日 星期二 18:48:13 CST------------------
function RGBD_SLAM_INSTALL edit
------------------2014年 03月 12日 星期三 10:31:58 CST------------------
function Here_Name PTAM
------------------2014年 03月 12日 星期三 19:10:50 CST------------------
function note nm System.o
------------------2014年 03月 12日 星期三 19:11:49 CST------------------
function note 可以用来看system.o文件中所有函数的所在空间
------------------2014年 03月 14日 星期五 00:57:02 CST------------------
function install
------------------2014年 03月 14日 星期五 00:57:32 CST------------------
function _rossed {
------------------2014年 03月 14日 星期五 00:58:00 CST------------------
function install
------------------2014年 03月 14日 星期五 00:58:30 CST------------------
function _rossed {
------------------2014年 03月 14日 星期五 00:58:44 CST------------------
function install
------------------2014年 03月 14日 星期五 00:59:01 CST------------------
function _rossed {
------------------2014年 03月 14日 星期五 00:59:07 CST------------------
function install
------------------2014年 03月 14日 星期五 00:59:25 CST------------------
function _rossed {
------------------2014年 03月 14日 星期五 00:59:31 CST------------------
function _rossed {
------------------2014年 03月 14日 星期五 00:59:36 CST------------------
function install
------------------2014年 03月 14日 星期五 00:59:49 CST------------------
function install
------------------2014年 03月 14日 星期五 00:59:52 CST------------------
function _rossed {
------------------2014年 03月 14日 星期五 01:03:37 CST------------------
function _rossed {
------------------2014年 03月 14日 星期五 01:03:41 CST------------------
function _rossed {
------------------2014年 03月 14日 星期五 02:07:26 CST------------------
function -s
------------------2014年 03月 14日 星期五 02:09:19 CST------------------
function Here_Name
------------------2014年 03月 14日 星期五 02:09:27 CST------------------
function Here_Name home
------------------2014年 03月 14日 星期五 02:09:47 CST------------------
function install
------------------2014年 03月 14日 星期五 02:10:58 CST------------------
function Here_Name home
------------------2014年 03月 14日 星期五 02:13:22 CST------------------
function install
------------------2014年 03月 14日 星期五 02:13:57 CST------------------
function _rossed {
------------------2014年 03月 14日 星期五 02:15:22 CST------------------
function _rossed {
------------------2014年 03月 14日 星期五 02:15:25 CST------------------
function install
------------------2014年 03月 14日 星期五 02:31:58 CST------------------
function install
------------------2014年 03月 14日 星期五 02:40:09 CST------------------
function install
------------------2014年 03月 14日 星期五 02:42:25 CST------------------
function install
------------------2014年 03月 14日 星期五 02:48:23 CST------------------
function -s
------------------2014年 03月 14日 星期五 12:42:51 CST------------------
function log
------------------2014年 03月 14日 星期五 12:48:40 CST------------------
function diary -edit
------------------2014年 03月 14日 星期五 12:50:34 CST------------------
function dairy 上午扑翼项目答辩与听研究生答辩，编写新的Fuction
------------------2014年 03月 14日 星期五 12:51:02 CST------------------
function edit
------------------2014年 03月 14日 星期五 12:52:04 CST------------------
function diary 上午扑翼项目答辩与听研究生答辩，编写新的Fuction
------------------2014年 03月 14日 星期五 12:52:15 CST------------------
function diary show
------------------2014年 03月 14日 星期五 12:52:25 CST------------------
function diary edit
------------------2014年 03月 14日 星期五 12:52:29 CST------------------
function diary -edit
------------------2014年 03月 14日 星期五 12:53:08 CST------------------
function diary show
------------------2014年 03月 14日 星期五 12:53:17 CST------------------
function diary -edit
------------------2014年 03月 14日 星期五 12:53:26 CST------------------
function diary show
------------------2014年 03月 14日 星期五 12:53:41 CST------------------
function diary 上午扑翼项目答辩与听研究生答辩，编写新的Fuction
------------------2014年 03月 14日 星期五 12:53:43 CST------------------
function diary show
------------------2014年 03月 14日 星期五 12:54:01 CST------------------
function diary -edit
------------------2014年 03月 14日 星期五 12:54:17 CST------------------
function diary 上午扑翼项目答辩与听研究生答辩，编写新的Fuction
------------------2014年 03月 14日 星期五 12:54:19 CST------------------
function diary show
------------------2014年 03月 14日 星期五 14:57:14 CST------------------
function Touch_Board off
------------------2014年 03月 14日 星期五 15:03:10 CST------------------
function Here_Name PTAM
------------------2014年 03月 17日 星期一 12:31:13 CST------------------
function -s
------------------2014年 03月 17日 星期一 12:31:21 CST------------------
function -s -i
------------------2014年 03月 17日 星期一 12:32:11 CST------------------
function edit RGBD_SLAM_INSTALL
------------------2014年 03月 17日 星期一 12:32:50 CST------------------
function -s
------------------2014年 03月 17日 星期一 12:33:17 CST------------------
function edit RGBD_Install
------------------2014年 03月 17日 星期一 12:34:53 CST------------------
function -s
------------------2014年 03月 17日 星期一 12:34:56 CST------------------
function -s -i
------------------2014年 03月 17日 星期一 12:36:24 CST------------------
function -s -i
------------------2014年 03月 17日 星期一 12:44:10 CST------------------
function -h
------------------2014年 03月 17日 星期一 22:36:08 CST------------------
function Touch_Board off
------------------2014年 03月 18日 星期二 21:43:06 CST------------------
function Here_Name apps
------------------2014年 03月 19日 星期三 02:27:54 CST------------------
function Here_Name ros
------------------2014年 03月 19日 星期三 02:29:36 CST------------------
function Here_Name mrpt
------------------2014年 03月 19日 星期三 02:35:13 CST------------------
function note make VERBOSE=1 #对于cmake生成的Makefile显示flags
------------------2014年 03月 19日 星期三 02:35:29 CST------------------
function note show
------------------2014年 03月 19日 星期三 02:36:08 CST------------------
function note edit
------------------2014年 03月 19日 星期三 02:36:14 CST------------------
function note -edit
------------------2014年 03月 20日 星期四 13:11:51 CST------------------
function note show
------------------2014年 03月 21日 星期五 00:45:41 CST------------------
function Here_Name openni_test
------------------2014年 03月 21日 星期五 00:49:08 CST------------------
function Here_Name opennitest
------------------2014年 03月 21日 星期五 00:54:37 CST------------------
function Here_Name sfm
------------------2014年 03月 21日 星期五 01:14:27 CST------------------
function edit
------------------2014年 03月 21日 星期五 01:46:01 CST------------------
function Here_Name program
------------------2014年 03月 21日 星期五 08:10:03 CST------------------
function Here_Name kinectptam
------------------2014年 03月 25日 星期二 18:04:58 CST------------------
function note #生日礼物可选项：杂志照片书，电动牙刷
------------------2014年 03月 25日 星期二 18:05:11 CST------------------
function note she
------------------2014年 03月 25日 星期二 18:05:27 CST------------------
function note show
------------------2014年 03月 25日 星期二 19:21:11 CST------------------
function add_new qtcreator
------------------2014年 03月 25日 星期二 19:27:45 CST------------------
function -s
------------------2014年 03月 26日 星期三 22:58:11 CST------------------
function Touch_Board off
------------------2014年 03月 27日 星期四 22:35:28 CST------------------
function Touch_Board of
------------------2014年 03月 27日 星期四 22:35:32 CST------------------
function Touch_Board off
------------------2014年 03月 28日 星期五 08:24:49 CST------------------
function Touch_Board off
------------------2014年 03月 28日 星期五 14:49:04 CST------------------
function Touch_Board off
------------------2014年 03月 28日 星期五 15:21:45 CST------------------
function Touch_Board off
------------------2014年 03月 28日 星期五 22:20:01 CST------------------
function Touch_Board off
------------------2014年 03月 29日 星期六 10:23:51 CST------------------
function Touch_Board off
------------------2014年 03月 30日 星期日 09:46:27 CST------------------
function Touch_Board off
------------------2014年 03月 30日 星期日 12:31:13 CST------------------
function note -edit
------------------2014年 03月 30日 星期日 12:31:41 CST------------------
function note show
------------------2014年 03月 30日 星期日 12:32:25 CST------------------
function note MRPT:1.static member could be shared by all the object of one class(Gvar);2.opengl ptr object(insert things) 3.CTimeLogger(enter,leave)
------------------2014年 03月 30日 星期日 12:32:27 CST------------------
function note show
------------------2014年 04月 04日 星期五 17:36:23 CST------------------
function Touch_Board off
------------------2014年 04月 09日 星期三 19:13:14 CST------------------
function note -show
------------------2014年 04月 09日 星期三 19:13:36 CST------------------
function note -show
------------------2014年 04月 09日 星期三 23:38:24 CST------------------
function Touch_Board off
------------------2014年 04月 10日 星期四 19:22:59 CST------------------
function 
------------------2014年 04月 10日 星期四 19:24:08 CST------------------
function Here_Name edit
------------------2014年 04月 10日 星期四 19:24:12 CST------------------
function Here_Name -edit
------------------2014年 04月 10日 星期四 19:24:25 CST------------------
function -edit Here_Name
------------------2014年 04月 10日 星期四 19:25:07 CST------------------
function Here_Name -h
------------------2014年 04月 10日 星期四 19:27:35 CST------------------
function -add
------------------2014年 04月 10日 星期四 19:27:51 CST------------------
function -add Here_Name
------------------2014年 04月 10日 星期四 19:28:42 CST------------------
function Here_Name -h
------------------2014年 04月 10日 星期四 19:30:19 CST------------------
function Here_Name -h
------------------2014年 04月 10日 星期四 19:33:31 CST------------------
function Here_Name -h
------------------2014年 04月 10日 星期四 19:33:38 CST------------------
function Here_Name -edit
------------------2014年 04月 10日 星期四 19:33:52 CST------------------
function Here_Name -i
------------------2014年 04月 10日 星期四 19:34:36 CST------------------
function -i -s
------------------2014年 04月 10日 星期四 19:34:41 CST------------------
function -s
------------------2014年 04月 10日 星期四 19:34:45 CST------------------
function -s -i
------------------2014年 04月 10日 星期四 19:35:37 CST------------------
function RGBD_Install
------------------2014年 04月 10日 星期四 19:35:42 CST------------------
function RGBD_Install -edit
------------------2014年 04月 10日 星期四 19:36:01 CST------------------
function -edit RGBD_Install
------------------2014年 04月 10日 星期四 19:37:06 CST------------------
function RGBD_Install -edit
------------------2014年 04月 10日 星期四 19:37:14 CST------------------
function -s -i
------------------2014年 04月 10日 星期四 19:37:47 CST------------------
function example -edit
------------------2014年 04月 10日 星期四 19:37:58 CST------------------
function RGBD_Install -edit
------------------2014年 04月 10日 星期四 19:38:11 CST------------------
function -s -i
------------------2014年 04月 10日 星期四 19:39:57 CST------------------
function Here_Name -edit
------------------2014年 04月 10日 星期四 19:44:05 CST------------------
function Here_Name -e config_shell
------------------2014年 04月 10日 星期四 19:45:10 CST------------------
function Here_Name -e Desktop
------------------2014年 04月 10日 星期四 19:46:32 CST------------------
function Here_Name -e Apps
------------------2014年 04月 10日 星期四 19:46:44 CST------------------
function Here_Name -edit
------------------2014年 04月 10日 星期四 19:47:37 CST------------------
function Here_Name -e PTAM
------------------2014年 04月 10日 星期四 19:49:03 CST------------------
function Here_Name -e mrpt
------------------2014年 04月 10日 星期四 19:49:12 CST------------------
function Here_Name -e
------------------2014年 04月 10日 星期四 22:15:00 CST------------------
function Touch_Board off
------------------2014年 04月 13日 星期日 22:47:39 CST------------------
function Touch_Board off
------------------2014年 04月 14日 星期一 13:38:00 CST------------------
function Touch_Board of
------------------2014年 04月 14日 星期一 13:38:04 CST------------------
function Touch_Board off
------------------2014年 04月 14日 星期一 23:24:06 CST------------------
function Touch_Board off
------------------2014年 04月 15日 星期二 00:09:32 CST------------------
function Here_Name -export Video
------------------Thu Apr 17 16:53:03 CST 2014------------------
function log
------------------Thu Apr 17 16:55:51 CST 2014------------------
function Here_Name config_shell
------------------Thu Apr 17 17:05:00 CST 2014------------------
function Touch_Board off
------------------Thu Apr 17 17:08:14 CST 2014------------------
function -s
------------------Thu Apr 17 17:08:29 CST 2014------------------
function NewSystem_install -h
------------------Thu Apr 17 17:08:48 CST 2014------------------
function NewSystem_install -App
------------------Thu Apr 17 17:08:53 CST 2014------------------
function NewSystem_install App
------------------Thu Apr 17 17:24:20 CST 2014------------------
function opencv_install
------------------Thu Apr 17 17:24:26 CST 2014------------------
function opencv_install -h
------------------Thu Apr 17 17:24:47 CST 2014------------------
function opencv_install -edit
------------------Thu Apr 17 17:24:54 CST 2014------------------
function -edit opencv_install
------------------Thu Apr 17 17:25:39 CST 2014------------------
function opencv_install -h
------------------Thu Apr 17 17:25:48 CST 2014------------------
function opencv_install -depend
------------------Thu Apr 17 17:41:32 CST 2014------------------
function opencv_install -h
------------------Thu Apr 17 17:41:43 CST 2014------------------
function opencv_install -ins
------------------Thu Apr 17 17:42:05 CST 2014------------------
function opencv_install -conf
------------------Thu Apr 17 17:42:42 CST 2014------------------
function opencv_install -ins
------------------Thu Apr 17 17:48:36 CST 2014------------------
function opencv_install -conf
------------------Thu Apr 17 17:50:22 CST 2014------------------
function opencv_install -conf
------------------Thu Apr 17 17:51:48 CST 2014------------------
function opencv_install -conf
------------------Thu Apr 17 17:52:30 CST 2014------------------
function opencv_install -ins
------------------Thu Apr 17 18:03:02 CST 2014------------------
function -s
------------------Thu Apr 17 18:03:35 CST 2014------------------
function Change_Dirs
------------------Thu Apr 17 18:16:41 CST 2014------------------
function edit opencv_install
------------------2014年 04月 19日 星期六 21:48:07 CST------------------
function Auto_Mount -a
------------------2014年 04月 19日 星期六 22:26:29 CST------------------
function add_new SougouInput
------------------2014年 04月 19日 星期六 22:30:51 CST------------------
function -s
------------------2014年 04月 19日 星期六 22:31:06 CST------------------
function Add_Aliase -hh
------------------2014年 04月 19日 星期六 22:31:08 CST------------------
function Add_Aliase -h
------------------2014年 04月 19日 星期六 22:31:16 CST------------------
function Add_Aliase -re
------------------2014年 04月 19日 星期六 22:33:41 CST------------------
function install
------------------2014年 04月 19日 星期六 23:14:39 CST------------------
function opencv_install
------------------2014年 04月 19日 星期六 23:14:43 CST------------------
function opencv_install -h
------------------2014年 04月 19日 星期六 23:14:52 CST------------------
function opencv_install -depend
------------------2014年 04月 19日 星期六 23:19:30 CST------------------
function opencv_install -edit
------------------2014年 04月 19日 星期六 23:19:38 CST------------------
function -edit opencv_install
------------------2014年 04月 20日 星期日 00:10:45 CST------------------
function -edit example
------------------2014年 04月 20日 星期日 08:52:34 CST------------------
function Here_Name software
------------------2014年 04月 20日 星期日 08:58:51 CST------------------
function Touch_Board off
------------------2014年 04月 20日 星期日 08:59:40 CST------------------
function opencv_install -edit
------------------2014年 04月 20日 星期日 08:59:48 CST------------------
function opencv_install edit
------------------2014年 04月 20日 星期日 09:00:01 CST------------------
function edit opencv_install
------------------2014年 04月 20日 星期日 09:06:49 CST------------------
function Auto_Mount -a
------------------2014年 04月 20日 星期日 09:10:05 CST------------------
function Auto_Mount -a
------------------2014年 04月 20日 星期日 09:17:25 CST------------------
function edit opencv_install
------------------2014年 04月 20日 星期日 09:49:36 CST------------------
function Touch_Board off
------------------2014年 04月 20日 星期日 10:07:04 CST------------------
function System_Backup -h
------------------2014年 04月 20日 星期日 10:17:43 CST------------------
function Change_Dirs
------------------2014年 04月 20日 星期日 05:19:43 CST------------------
function Add_Aliase -h
------------------2014年 04月 20日 星期日 05:19:49 CST------------------
function Add_Aliase -re
------------------2014年 04月 20日 星期日 05:19:59 CST------------------
function install
------------------2014年 04月 20日 星期日 05:23:48 CST------------------
function Change_Dirs
------------------2014年 04月 22日 星期二 14:52:40 CST------------------
function Touch_Board off
------------------2014年 04月 24日 星期四 14:59:35 CST------------------
function Touch_Board off
------------------2014年 05月 04日 星期日 19:20:41 CST------------------
function UUID_Change xp.vdi
------------------2014年 05月 09日 星期五 09:38:24 CST------------------
function Touch_Board off
------------------2014年 05月 27日 星期二 12:17:58 CST------------------
function Touch_Board off
------------------2014年 05月 27日 星期二 12:24:38 CST------------------
function diary KinectPTAM:Add Simulation and PlaneFit
------------------2014年 05月 27日 星期二 12:24:48 CST------------------
function diary show
------------------2014年 06月 13日 星期五 23:09:48 CST------------------
function Touch_Board off
------------------2014年 06月 18日 星期三 09:48:50 CST------------------
function Touch_Board of
------------------2014年 06月 18日 星期三 09:48:53 CST------------------
function Touch_Board off
------------------2014年 06月 18日 星期三 12:46:03 CST------------------
function Touch_Board offKinect_PTAM ss Simulation=Track Simulate.DataFile=./Data/ICP_file.txt DataFileType=ICP_Data
------------------2014年 08月 08日 星期五 12:32:18 CST------------------
function add_new PCL_Install
------------------2014年 08月 08日 星期五 17:26:55 CST------------------
function Touch_Board of
------------------2014年 08月 08日 星期五 17:26:58 CST------------------
function Touch_Board off
------------------2014年 08月 08日 星期五 17:27:14 CST------------------
function Touch_Board on
------------------2014年 08月 08日 星期五 17:31:51 CST------------------
function NewSystem_install -h
------------------2014年 08月 08日 星期五 17:48:14 CST------------------
function Add_Aliase
------------------2014年 08月 08日 星期五 17:48:48 CST------------------
function Add_Aliase -h
------------------2014年 08月 08日 星期五 17:49:01 CST------------------
function Add_Aliase -re
------------------2014年 08月 08日 星期五 17:50:43 CST------------------
function edit Add_Aliase
------------------2014年 08月 08日 星期五 17:51:36 CST------------------
function Add_Aliase -re
------------------2014年 08月 08日 星期五 17:53:29 CST------------------
function install
------------------2014年 08月 08日 星期五 17:58:01 CST------------------
function Here_Name linux
------------------2014年 08月 08日 星期五 17:58:40 CST------------------
function Here_Name config_shell
------------------2014年 08月 08日 星期五 17:59:26 CST------------------
function Here_Name apps
------------------2014年 08月 08日 星期五 17:59:43 CST------------------
function Here_Name kinectptam
------------------2014年 08月 08日 星期五 18:00:22 CST------------------
function Change_Dirs
------------------2014年 08月 08日 星期五 18:02:01 CST------------------
function Here_Name PTAM
------------------2014年 08月 08日 星期五 18:08:15 CST------------------
function NewSystem_install -h
------------------2014年 08月 08日 星期五 18:08:38 CST------------------
function NewSystem_install App
------------------2014年 08月 08日 星期五 18:15:44 CST------------------
function add_new SougouInput
------------------2014年 08月 08日 星期五 18:17:18 CST------------------
function add_new SougouInput install
------------------2014年 08月 08日 星期五 18:18:24 CST------------------
function SougouInput Install
------------------2014年 08月 08日 星期五 18:18:38 CST------------------
function SougouInput install
------------------2014年 08月 08日 星期五 18:19:09 CST------------------
function SougouInput -install
------------------2014年 08月 08日 星期五 18:19:22 CST------------------
function SougouInput -edit
------------------2014年 08月 08日 星期五 18:20:58 CST------------------
function SougouInput -install
------------------2014年 08月 08日 星期五 18:24:08 CST------------------
function SougouInput -edit
------------------2014年 08月 08日 星期五 18:24:50 CST------------------
function SougouInput install
------------------2014年 08月 08日 星期五 18:24:58 CST------------------
function SougouInput -install
------------------2014年 08月 08日 星期五 20:16:08 CST------------------
function PCL_Install
------------------2014年 08月 08日 星期五 22:52:32 CST------------------
function SougouInput -Install
------------------2014年 08月 08日 星期五 22:53:29 CST------------------
function SougouInput -install
------------------2014年 08月 13日 星期三 08:49:33 CST------------------
function Here_Name zhaoyong
------------------2014年 08月 17日 星期日 10:06:14 CST------------------
function 
------------------2014年 08月 17日 星期日 20:28:11 CST------------------
function add_new
------------------2014年 08月 17日 星期日 20:28:35 CST------------------
function add_new Win3D
------------------2014年 08月 17日 星期日 20:31:45 CST------------------
function Win3D
------------------2014年 08月 17日 星期日 20:33:11 CST------------------
function Win3D test_pcd1.pcd
------------------2014年 08月 17日 星期日 20:33:31 CST------------------
function Win3D ./test_pcd1.pcd
------------------2014年 08月 17日 星期日 20:33:54 CST------------------
function Win3D ./test_pcd1.pcd
------------------2014年 08月 17日 星期日 20:34:19 CST------------------
function Win3D ./test_pcd1.pcd
------------------2014年 08月 17日 星期日 20:36:48 CST------------------
function Win3D A404_Kinect3.pcd
------------------2014年 09月 12日 星期五 19:38:58 CST------------------
function add_new Chrome_Install
------------------2014年 09月 12日 星期五 19:39:39 CST------------------
function Chrome_Install
------------------2014年 09月 13日 星期六 12:26:27 CST------------------
function Add_Aliase
------------------2014年 09月 13日 星期六 12:26:33 CST------------------
function Add_Aliase -h
------------------2014年 09月 13日 星期六 17:40:19 CST------------------
function Chrome_Install
------------------2014年 09月 13日 星期六 18:58:09 CST------------------
function NewSystem_install App
------------------2014年 09月 13日 星期六 19:35:59 CST------------------
function SougouInput Install
------------------2014年 09月 13日 星期六 19:36:06 CST------------------
function SougouInput -Install
------------------2014年 09月 13日 星期六 19:39:07 CST------------------
function SougouInput -edit
------------------2014年 09月 13日 星期六 19:40:14 CST------------------
function NewSystem_install App
------------------2014年 09月 13日 星期六 19:51:09 CST------------------
function opencv_install -h
------------------2014年 09月 13日 星期六 19:51:15 CST------------------
function opencv_install -depend
------------------2014年 09月 13日 星期六 19:52:02 CST------------------
function opencv_install -h
------------------2014年 09月 13日 星期六 19:52:30 CST------------------
function opencv_install -conf
------------------2014年 09月 13日 星期六 19:53:45 CST------------------
function opencv_install -ins
------------------2014年 09月 13日 星期六 20:19:17 CST------------------
function opencv_install -edit
------------------2014年 09月 13日 星期六 20:19:24 CST------------------
function opencv_install -h
------------------2014年 09月 13日 星期六 20:19:38 CST------------------
function edit opencv_install
------------------2014年 09月 13日 星期六 20:29:27 CST------------------
function Chrome_Install
------------------2014年 09月 13日 星期六 21:05:31 CST------------------
function edit Auto_Mount
------------------2014年 09月 15日 星期一 10:13:22 CST------------------
function UUID_Change win7.vdi
------------------2014年 09月 15日 星期一 15:01:00 CST------------------
function Change_Dirs
------------------2014年 09月 16日 星期二 15:02:26 CST------------------
function PCL_Install
------------------2014年 09月 17日 星期三 08:26:34 CST------------------
function make
------------------2014年 09月 17日 星期三 08:27:14 CST------------------
function make
------------------2014年 09月 17日 星期三 22:26:58 CST------------------
function Here_Name mrpt
------------------2014年 09月 28日 星期日 11:15:57 CST------------------
function System_Backup -edit
------------------2014年 10月 10日 星期五 08:33:57 CST------------------
function Here_Name imu
------------------2014年 10月 12日 星期日 21:31:01 CST------------------
function add_new AddShellSupport
------------------2014年 10月 13日 星期一 10:30:00 CST------------------
function System_Backup -h
------------------2014年 10月 13日 星期一 10:34:31 CST------------------
function -edit
------------------2014年 10月 13日 星期一 11:17:14 CST------------------
function string_functions
------------------2014年 10月 13日 星期一 11:17:19 CST------------------
function string_functions -edit
------------------2014年 10月 13日 星期一 11:17:29 CST------------------
function -edit string_functions
------------------2014年 10月 13日 星期一 17:12:08 CST------------------
function AddShellSupport .
------------------2014年 10月 13日 星期一 17:12:54 CST------------------
function AddShellSupport interface .
------------------2014年 10月 13日 星期一 17:17:58 CST------------------
function AddShellSupport interface .
------------------2014年 10月 13日 星期一 17:21:30 CST------------------
function AddShellSupport interface .
------------------2014年 10月 13日 星期一 17:22:47 CST------------------
function AddShellSupport interface .
------------------2014年 10月 13日 星期一 17:32:22 CST------------------
function -edit
------------------2014年 10月 13日 星期一 17:44:27 CST------------------
function AddShellSupport interface .
------------------2014年 10月 13日 星期一 17:46:16 CST------------------
function AddShellSupport interface .
------------------2014年 10月 13日 星期一 17:46:50 CST------------------
function AddShellSupport interface .
------------------2014年 10月 13日 星期一 17:46:56 CST------------------
function AddShellSupport interface .
------------------2014年 10月 13日 星期一 17:47:57 CST------------------
function AddShellSupport interface .
------------------2014年 10月 13日 星期一 17:48:14 CST------------------
function AddShellSupport interface .
------------------2014年 10月 13日 星期一 17:48:55 CST------------------
function AddShellSupport interface .
------------------2014年 10月 13日 星期一 17:50:52 CST------------------
function AddShellSupport interface .
------------------2014年 10月 13日 星期一 17:52:22 CST------------------
function AddShellSupport interface .
------------------2014年 10月 13日 星期一 17:57:13 CST------------------
function AddShellSupport interface .
------------------2014年 10月 13日 星期一 18:02:23 CST------------------
function AddShellSupport interface
------------------2014年 10月 13日 星期一 20:37:09 CST------------------
function AddShellSupport interface
------------------2014年 10月 13日 星期一 20:38:32 CST------------------
function AddShellSupport -edit
------------------2014年 10月 13日 星期一 20:43:55 CST------------------
function AddShellSupport interface
------------------2014年 10月 13日 星期一 20:45:12 CST------------------
function AddShellSupport interface
------------------2014年 10月 13日 星期一 20:50:28 CST------------------
function AddShellSupport interface
------------------2014年 10月 13日 星期一 20:51:25 CST------------------
function AddShellSupport interface
------------------2014年 10月 13日 星期一 20:51:52 CST------------------
function AddShellSupport interface
------------------2014年 10月 13日 星期一 20:53:37 CST------------------
function AddShellSupport interface
------------------2014年 10月 13日 星期一 21:00:38 CST------------------
function AddShellSupport -edit
------------------2014年 10月 13日 星期一 21:06:04 CST------------------
function AddShellSupport pathplane_gui
------------------2014年 10月 13日 星期一 21:06:49 CST------------------
function AddShellSupport -edit
------------------2014年 10月 14日 星期二 09:45:56 CST------------------
function -help
------------------2014年 10月 14日 星期二 09:46:01 CST------------------
function -help
------------------2014年 10月 14日 星期二 09:57:50 CST------------------
function -edit
------------------2014年 10月 14日 星期二 10:10:43 CST------------------
function diary
------------------2014年 10月 14日 星期二 10:12:36 CST------------------
function diary -h
------------------2014年 10月 14日 星期二 10:13:59 CST------------------
function diary -show
------------------2014年 10月 14日 星期二 10:29:48 CST------------------
function AddShellSupport -i
------------------2014年 10月 14日 星期二 10:39:00 CST------------------
function 
------------------2014年 10月 14日 星期二 11:46:39 CST------------------
function Here_Name -edit
------------------2014年 10月 14日 星期二 15:16:42 CST------------------
function AddShellSupport interface
------------------2014年 10月 14日 星期二 16:22:24 CST------------------
function -h
------------------2014年 10月 14日 星期二 16:23:47 CST------------------
function -i
------------------2014年 10月 14日 星期二 16:23:55 CST------------------
function -introduce
------------------2014年 10月 14日 星期二 16:24:13 CST------------------
function -s -i
------------------2014年 10月 14日 星期二 16:24:58 CST------------------
function -edit Chrome_Install
------------------2014年 10月 14日 星期二 16:25:57 CST------------------
function -s
------------------2014年 10月 14日 星期二 16:26:01 CST------------------
function -s -i
------------------2014年 10月 14日 星期二 16:27:33 CST------------------
function -edit PCL_Install
------------------2014年 10月 14日 星期二 16:28:54 CST------------------
function -s -i
------------------2014年 10月 14日 星期二 16:30:43 CST------------------
function string_functions -edit
------------------2014年 10月 14日 星期二 16:30:52 CST------------------
function -edit string_functions
------------------2014年 10月 14日 星期二 16:31:38 CST------------------
function string_functions -edit
------------------2014年 10月 14日 星期二 16:32:18 CST------------------
function -edit string_functions
------------------2014年 10月 14日 星期二 16:33:02 CST------------------
function Here_Name -edit
------------------2014年 10月 14日 星期二 16:34:09 CST------------------
function -s -i
------------------2014年 10月 14日 星期二 16:54:18 CST------------------
function log
------------------2014年 10月 14日 星期二 16:54:36 CST------------------
function log
------------------2014年 10月 14日 星期二 16:54:57 CST------------------
function log
------------------2014年 10月 14日 星期二 16:55:25 CST------------------
function log
------------------2014年 10月 14日 星期二 16:55:31 CST------------------
function log
------------------2014年 10月 14日 星期二 16:55:45 CST------------------
function log
------------------2014年 10月 16日 星期四 09:39:57 CST------------------
function Here_Name -edit
------------------2014年 10月 16日 星期四 10:00:57 CST------------------
function add_new g2o_Install
------------------2014年 10月 16日 星期四 10:03:54 CST------------------
function Here_Name f2o
------------------2014年 10月 16日 星期四 10:04:06 CST------------------
function Here_Name g2o
------------------2014年 10月 16日 星期四 10:07:53 CST------------------
function note -show
------------------2014年 10月 16日 星期四 14:44:46 CST------------------
function -edit
------------------2014年 10月 16日 星期四 14:45:16 CST------------------
function -edit
------------------2014年 10月 16日 星期四 14:52:07 CST------------------
function example -edit
------------------2014年 10月 16日 星期四 14:52:23 CST------------------
function -edit
------------------2014年 10月 16日 星期四 14:53:46 CST------------------
function -s -i
------------------2014年 10月 16日 星期四 14:58:09 CST------------------
function -edit
------------------2014年 10月 16日 星期四 15:06:55 CST------------------
function example
------------------2014年 10月 16日 星期四 15:07:21 CST------------------
function example
------------------2014年 10月 16日 星期四 15:08:36 CST------------------
function example
------------------2014年 10月 16日 星期四 15:16:09 CST------------------
function example
------------------2014年 10月 16日 星期四 15:22:14 CST------------------
function -s
------------------2014年 10月 16日 星期四 15:22:31 CST------------------
function -s
------------------2014年 10月 16日 星期四 15:22:45 CST------------------
function -s
------------------2014年 10月 16日 星期四 15:23:06 CST------------------
function -s -i
------------------2014年 10月 16日 星期四 15:23:09 CST------------------
function -s
------------------2014年 10月 16日 星期四 15:23:19 CST------------------
function -s
------------------2014年 10月 16日 星期四 15:38:48 CST------------------
function example
------------------2014年 10月 16日 星期四 15:41:29 CST------------------
function example
------------------2014年 10月 16日 星期四 15:42:15 CST------------------
function example
------------------2014年 10月 16日 星期四 15:42:20 CST------------------
function example
------------------2014年 10月 16日 星期四 15:43:09 CST------------------
function example
------------------2014年 10月 16日 星期四 15:43:20 CST------------------
function example
------------------2014年 10月 16日 星期四 15:43:59 CST------------------
function example -i -h
------------------2014年 10月 16日 星期四 15:51:02 CST------------------
function example -i
------------------2014年 10月 16日 星期四 15:51:06 CST------------------
function example -h
------------------2014年 10月 16日 星期四 15:51:10 CST------------------
function example -i
------------------2014年 10月 16日 星期四 15:52:07 CST------------------
function example -i
------------------2014年 10月 16日 星期四 15:52:10 CST------------------
function example -h
------------------2014年 10月 16日 星期四 15:53:02 CST------------------
function example -h
------------------2014年 10月 16日 星期四 15:53:05 CST------------------
function example -i
------------------2014年 10月 16日 星期四 15:53:27 CST------------------
function example -i
------------------2014年 10月 16日 星期四 15:53:59 CST------------------
function example -i
------------------2014年 10月 16日 星期四 15:55:06 CST------------------
function example -h
------------------2014年 10月 16日 星期四 15:55:08 CST------------------
function example -i
------------------2014年 10月 16日 星期四 15:55:26 CST------------------
function example -i
------------------2014年 10月 16日 星期四 15:57:24 CST------------------
function example -i
------------------2014年 10月 16日 星期四 15:58:00 CST------------------
function example -i
